<?xml version="1.0" encoding="UTF-8"?>
<!-- Generated by org.testng.reporters.JUnitReportReporter -->
<testsuite skipped="0" hostname="LAPTOP-3LTEOA25" name="Test.LaunchTheBrowserTest" tests="1" failures="0" timestamp="11 Sep 2020 19:21:20 GMT" time="7.251" errors="0">
  <testcase name="LaunchBrowser" time="7.251" classname="Test.LaunchTheBrowserTest"/>
</testsuite> <!-- Test.LaunchTheBrowserTest -->
