<?xml version="1.0" encoding="UTF-8"?>
<!-- Generated by org.testng.reporters.JUnitReportReporter -->
<testsuite skipped="0" hostname="LAPTOP-3LTEOA25" name="Test.AddTheCategoryTest" tests="1" failures="0" timestamp="11 Sep 2020 21:59:41 GMT" time="6.960" errors="0">
  <testcase name="UserShouldBeAbleToAddTheCategory" time="6.960" classname="Test.AddTheCategoryTest"/>
</testsuite> <!-- Test.AddTheCategoryTest -->
